c:\users\robin.singh\source\repos\mysqlproject2\mysqlproject2\x64\release\vc143.pdb
c:\users\robin.singh\source\repos\mysqlproject2\mysqlproject2\x64\release\dbconnection.obj
c:\users\robin.singh\source\repos\mysqlproject2\mysqlproject2\x64\release\user.obj
c:\users\robin.singh\source\repos\mysqlproject2\mysqlproject2\x64\release\proposal.obj
c:\users\robin.singh\source\repos\mysqlproject2\mysqlproject2\x64\release\policy.obj
c:\users\robin.singh\source\repos\mysqlproject2\mysqlproject2\x64\release\payment.obj
c:\users\robin.singh\source\repos\mysqlproject2\mysqlproject2\x64\release\main.obj
c:\users\robin.singh\source\repos\mysqlproject2\mysqlproject2\x64\release\insurance_app.obj
c:\users\robin.singh\source\repos\mysqlproject2\mysqlproject2\x64\release\client.obj
c:\users\robin.singh\source\repos\mysqlproject2\mysqlproject2\x64\release\approver.obj
c:\users\robin.singh\source\repos\mysqlproject2\mysqlproject2\x64\release\agent.obj
c:\users\robin.singh\source\repos\mysqlproject2\x64\release\mysqlproject2.lib
c:\users\robin.singh\source\repos\mysqlproject2\x64\release\mysqlproject2.exp
c:\users\robin.singh\source\repos\mysqlproject2\mysqlproject2\x64\release\mysqlproject2.ipdb
c:\users\robin.singh\source\repos\mysqlproject2\mysqlproject2\x64\release\mysqlproject2.iobj
c:\users\robin.singh\source\repos\mysqlproject2\x64\release\mysqlproject2.pdb
c:\users\robin.singh\source\repos\mysqlproject2\x64\release\mysqlproject2.exe
c:\users\robin.singh\source\repos\mysqlproject2\mysqlproject2\x64\release\mysqlproject2.tlog\cl.command.1.tlog
c:\users\robin.singh\source\repos\mysqlproject2\mysqlproject2\x64\release\mysqlproject2.tlog\cl.items.tlog
c:\users\robin.singh\source\repos\mysqlproject2\mysqlproject2\x64\release\mysqlproject2.tlog\cl.read.1.tlog
c:\users\robin.singh\source\repos\mysqlproject2\mysqlproject2\x64\release\mysqlproject2.tlog\cl.write.1.tlog
c:\users\robin.singh\source\repos\mysqlproject2\mysqlproject2\x64\release\mysqlproject2.tlog\link.command.1.tlog
c:\users\robin.singh\source\repos\mysqlproject2\mysqlproject2\x64\release\mysqlproject2.tlog\link.read.1.tlog
c:\users\robin.singh\source\repos\mysqlproject2\mysqlproject2\x64\release\mysqlproject2.tlog\link.write.1.tlog
c:\users\robin.singh\source\repos\mysqlproject2\mysqlproject2\x64\release\mysqlproject2.tlog\link.write.2u.tlog
